2022-04-28 05:15:47,022 [INFO] app: Before Request
2022-04-28 05:15:47,110 [INFO] app: After Request
2022-04-28 05:15:48,918 [INFO] app: Before Request
2022-04-28 05:15:48,930 [INFO] app: After Request
2022-04-28 05:15:49,615 [INFO] app: Before Request
2022-04-28 05:15:49,629 [INFO] app: After Request
2022-04-28 05:15:50,090 [INFO] app: Before Request
2022-04-28 05:15:52,125 [INFO] app: Before Request
2022-04-28 05:15:52,133 [INFO] app: After Request
2022-04-28 05:15:56,135 [INFO] app: Before Request
2022-04-28 05:15:56,148 [INFO] app: After Request
2022-04-28 05:15:57,293 [INFO] app: Before Request
2022-04-28 05:15:57,306 [INFO] app: After Request
2022-04-28 05:15:58,784 [INFO] app: Before Request
2022-04-28 05:15:58,790 [INFO] app: After Request
2022-04-28 05:15:58,794 [INFO] app: Before Request
2022-04-28 05:15:58,801 [INFO] app: After Request
2022-04-28 05:15:59,307 [INFO] app: Before Request
2022-04-28 05:15:59,311 [INFO] app: After Request
2022-04-28 05:16:00,368 [INFO] app: Before Request
2022-04-28 05:16:00,376 [INFO] app: After Request
2022-04-28 05:16:07,430 [INFO] app: Before Request
2022-04-28 05:16:07,436 [INFO] app: After Request
2022-04-28 05:16:07,441 [INFO] app: Before Request
2022-04-28 05:16:07,444 [INFO] app: After Request
2022-04-28 05:16:13,907 [INFO] app: Before Request
2022-04-28 05:16:13,975 [INFO] app: After Request
2022-04-28 05:16:13,980 [INFO] app: Before Request
2022-04-28 05:16:13,986 [INFO] app: After Request
2022-04-28 05:16:15,310 [INFO] app: Before Request
2022-04-28 05:16:18,936 [INFO] app: Before Request
2022-04-28 05:16:18,943 [INFO] app: After Request
2022-04-28 05:16:19,589 [INFO] app: Before Request
2022-04-28 05:16:19,601 [INFO] app: After Request
2022-04-28 05:16:20,061 [INFO] app: Before Request
2022-04-28 05:16:20,069 [INFO] app: After Request
2022-04-28 05:16:20,597 [INFO] app: Before Request
2022-04-28 05:16:20,609 [INFO] app: After Request
2022-04-28 05:16:21,690 [INFO] app: Before Request
2022-04-28 05:16:28,068 [INFO] app: Before Request
2022-04-28 05:16:28,075 [INFO] app: After Request
2022-04-28 14:35:33,819 [INFO] log: Logging request info
2022-04-28 14:35:33,820 [INFO] app: Before Request
2022-04-28 14:35:33,913 [INFO] app: After Request
2022-04-28 14:35:33,915 [INFO] werkzeug: 172.22.0.1 - - [28/Apr/2022 14:35:33] "GET / HTTP/1.1" 200 -
2022-04-28 14:35:35,937 [INFO] app: Before Request
2022-04-28 14:35:35,994 [INFO] app: After Request
2022-04-28 14:35:35,995 [INFO] werkzeug: 172.22.0.1 - - [28/Apr/2022 14:35:35] "GET /songs HTTP/1.1" 200 -
2022-04-28 14:35:36,745 [INFO] app: Before Request
2022-04-28 14:35:36,760 [INFO] app: After Request
2022-04-28 14:35:36,761 [INFO] werkzeug: 172.22.0.1 - - [28/Apr/2022 14:35:36] "GET /songs/upload HTTP/1.1" 200 -
2022-04-28 14:36:31,551 [INFO] app: Before Request
2022-04-28 14:36:31,572 [INFO] app: After Request
2022-04-28 14:36:31,574 [INFO] werkzeug: 172.22.0.1 - - [28/Apr/2022 14:36:31] "GET /songs HTTP/1.1" 200 -
2022-04-28 14:36:32,051 [INFO] app: Before Request
2022-04-28 14:36:32,059 [INFO] app: Browse page loading
2022-04-28 14:36:32,068 [INFO] app: After Request
2022-04-28 14:36:32,069 [INFO] werkzeug: 172.22.0.1 - - [28/Apr/2022 14:36:32] "GET /users HTTP/1.1" 200 -
2022-04-28 14:36:32,100 [INFO] app: Before Request
2022-04-28 14:36:32,103 [INFO] werkzeug: 172.22.0.1 - - [28/Apr/2022 14:36:32] "[36mGET /bootstrap/static/icons/bootstrap-icons.svg HTTP/1.1[0m" 304 -
2022-04-28 14:36:47,223 [INFO] werkzeug:  * Detected change in '/home/myuser/app/config.py', reloading
2022-04-28 14:36:47,827 [INFO] log: Logging request info
2022-04-28 14:36:47,828 [INFO] app: Before Request
2022-04-28 14:36:47,845 [INFO] app: Browse page loading
2022-04-28 14:36:47,955 [INFO] app: After Request
2022-04-28 14:36:47,957 [INFO] werkzeug: 172.22.0.1 - - [28/Apr/2022 14:36:47] "GET /users HTTP/1.1" 200 -
2022-04-28 14:36:47,986 [INFO] app: Before Request
2022-04-28 14:36:47,988 [INFO] werkzeug: 172.22.0.1 - - [28/Apr/2022 14:36:47] "[36mGET /bootstrap/static/icons/bootstrap-icons.svg HTTP/1.1[0m" 304 -
2022-04-28 14:36:48,533 [INFO] app: Before Request
2022-04-28 14:36:48,547 [INFO] app: After Request
2022-04-28 14:36:48,549 [INFO] werkzeug: 172.22.0.1 - - [28/Apr/2022 14:36:48] "GET /songs/upload HTTP/1.1" 200 -
2022-04-28 14:36:49,759 [INFO] app: Before Request
2022-04-28 14:36:49,772 [INFO] app: After Request
2022-04-28 14:36:49,773 [INFO] werkzeug: 172.22.0.1 - - [28/Apr/2022 14:36:49] "GET /welcome HTTP/1.1" 200 -
2022-04-28 14:37:25,658 [INFO] app: Before Request
2022-04-28 14:37:25,666 [INFO] app: After Request
2022-04-28 14:37:25,668 [INFO] werkzeug: 172.22.0.1 - - [28/Apr/2022 14:37:25] "GET /welcome HTTP/1.1" 200 -
2022-04-28 14:37:26,770 [INFO] app: Before Request
2022-04-28 14:37:26,777 [INFO] app: Browse page loading
2022-04-28 14:37:26,786 [INFO] app: After Request
2022-04-28 14:37:26,788 [INFO] werkzeug: 172.22.0.1 - - [28/Apr/2022 14:37:26] "GET /users HTTP/1.1" 200 -
2022-04-28 14:37:26,815 [INFO] app: Before Request
2022-04-28 14:37:26,817 [INFO] werkzeug: 172.22.0.1 - - [28/Apr/2022 14:37:26] "[36mGET /bootstrap/static/icons/bootstrap-icons.svg HTTP/1.1[0m" 304 -
2022-04-28 15:53:03,675 [INFO] app: Before Request
2022-04-28 15:53:03,684 [INFO] app: After Request
2022-04-28 15:53:03,686 [INFO] werkzeug: 172.22.0.1 - - [28/Apr/2022 15:53:03] "GET /songs/upload HTTP/1.1" 200 -
2022-04-28 15:53:04,443 [INFO] app: Before Request
2022-04-28 15:53:04,452 [INFO] app: After Request
2022-04-28 15:53:04,454 [INFO] werkzeug: 172.22.0.1 - - [28/Apr/2022 15:53:04] "GET /welcome HTTP/1.1" 200 -
2022-04-28 15:53:04,967 [INFO] app: Before Request
2022-04-28 15:53:04,981 [INFO] app: After Request
2022-04-28 15:53:04,983 [INFO] werkzeug: 172.22.0.1 - - [28/Apr/2022 15:53:04] "GET /about HTTP/1.1" 200 -
2022-04-28 15:53:05,481 [INFO] app: Before Request
2022-04-28 15:53:05,489 [INFO] app: Browse page loading
2022-04-28 15:53:05,493 [INFO] app: After Request
2022-04-28 15:53:05,495 [INFO] werkzeug: 172.22.0.1 - - [28/Apr/2022 15:53:05] "GET /users HTTP/1.1" 200 -
2022-04-28 15:53:05,541 [INFO] app: Before Request
2022-04-28 15:53:05,542 [INFO] werkzeug: 172.22.0.1 - - [28/Apr/2022 15:53:05] "[36mGET /bootstrap/static/icons/bootstrap-icons.svg HTTP/1.1[0m" 304 -
2022-04-28 15:53:06,426 [INFO] app: Before Request
2022-04-28 15:53:06,454 [INFO] app: After Request
2022-04-28 15:53:06,456 [INFO] werkzeug: 172.22.0.1 - - [28/Apr/2022 15:53:06] "GET /songs HTTP/1.1" 200 -
2022-04-28 15:53:06,831 [INFO] app: Before Request
2022-04-28 15:53:06,843 [INFO] app: After Request
2022-04-28 15:53:06,845 [INFO] werkzeug: 172.22.0.1 - - [28/Apr/2022 15:53:06] "GET /dashboard HTTP/1.1" 200 -
2022-04-28 17:18:27,304 [INFO] werkzeug:  * Detected change in '/home/myuser/tests/conftest.py', reloading
2022-04-28 17:20:15,234 [INFO] log: Logging request info
2022-04-28 17:20:15,235 [INFO] app: Before Request
2022-04-28 17:20:15,323 [INFO] app: After Request
2022-04-28 17:20:15,325 [INFO] werkzeug: 172.22.0.1 - - [28/Apr/2022 17:20:15] "GET / HTTP/1.1" 200 -
2022-04-28 17:20:16,779 [INFO] app: Before Request
2022-04-28 17:20:16,786 [INFO] app: Browse page loading
2022-04-28 17:20:16,824 [INFO] app: After Request
2022-04-28 17:20:16,826 [INFO] werkzeug: 172.22.0.1 - - [28/Apr/2022 17:20:16] "GET /users HTTP/1.1" 200 -
2022-04-28 17:20:16,856 [INFO] app: Before Request
2022-04-28 17:20:16,859 [INFO] werkzeug: 172.22.0.1 - - [28/Apr/2022 17:20:16] "[36mGET /bootstrap/static/icons/bootstrap-icons.svg HTTP/1.1[0m" 304 -
2022-04-28 17:20:17,235 [INFO] app: Before Request
2022-04-28 17:20:17,248 [INFO] app: After Request
2022-04-28 17:20:17,250 [INFO] werkzeug: 172.22.0.1 - - [28/Apr/2022 17:20:17] "GET /songs/upload HTTP/1.1" 200 -
2022-04-28 17:20:17,628 [INFO] app: Before Request
2022-04-28 17:20:17,654 [INFO] app: After Request
2022-04-28 17:20:17,657 [INFO] werkzeug: 172.22.0.1 - - [28/Apr/2022 17:20:17] "GET /songs HTTP/1.1" 200 -
2022-04-28 17:20:55,459 [INFO] werkzeug:  * Detected change in '/home/myuser/tests/conftest.py', reloading
2022-04-28 18:30:15,590 [INFO] log: Logging request info
2022-04-28 18:30:15,591 [INFO] app: Before Request
2022-04-28 18:30:15,687 [INFO] app: After Request
2022-04-28 18:30:15,689 [INFO] werkzeug: 172.22.0.1 - - [28/Apr/2022 18:30:15] "GET / HTTP/1.1" 200 -
2022-04-28 18:31:47,564 [INFO] log: Logging request info
2022-04-28 18:31:47,565 [INFO] app: Before Request
2022-04-28 18:31:47,640 [INFO] app: After Request
2022-04-28 18:31:47,658 [INFO] log: Logging request info
2022-04-28 18:31:47,659 [INFO] app: Before Request
2022-04-28 18:31:47,659 [INFO] app: After Request
2022-04-28 18:31:47,661 [INFO] app: Before Request
2022-04-28 18:31:47,734 [INFO] app: After Request
2022-04-28 18:31:47,736 [INFO] app: Before Request
2022-04-28 18:31:47,743 [INFO] app: After Request
2022-04-28 18:31:47,765 [INFO] log: Logging request info
2022-04-28 18:31:47,765 [INFO] app: Before Request
2022-04-28 18:31:47,839 [INFO] app: After Request
2022-04-28 18:31:47,855 [INFO] log: Logging request info
2022-04-28 18:31:47,855 [INFO] app: Before Request
2022-04-28 18:31:47,929 [INFO] app: After Request
2022-04-28 18:31:47,944 [INFO] log: Logging request info
2022-04-28 18:31:47,945 [INFO] app: Before Request
2022-04-28 18:31:48,018 [INFO] app: After Request
2022-04-28 18:31:48,035 [INFO] log: Logging request info
2022-04-28 18:31:48,036 [INFO] app: Before Request
2022-04-28 18:31:48,112 [INFO] app: After Request
2022-04-28 18:31:48,128 [INFO] log: Logging request info
2022-04-28 18:31:48,129 [INFO] app: Before Request
2022-04-28 18:31:48,203 [INFO] app: After Request
2022-04-28 18:31:48,221 [INFO] log: Logging request info
2022-04-28 18:31:48,222 [INFO] app: Before Request
2022-04-28 18:31:48,299 [INFO] app: After Request
2022-04-28 18:31:48,316 [INFO] log: Logging request info
2022-04-28 18:31:48,317 [INFO] app: Before Request
2022-04-28 18:31:48,392 [INFO] app: After Request
2022-04-28 18:31:48,409 [INFO] log: Logging request info
2022-04-28 18:31:48,409 [INFO] app: Before Request
2022-04-28 18:31:48,487 [INFO] app: After Request
2022-04-28 18:32:09,468 [INFO] app: Before Request
2022-04-28 18:32:09,476 [INFO] app: Browse page loading
2022-04-28 18:32:09,515 [INFO] app: After Request
2022-04-28 18:32:09,517 [INFO] werkzeug: 172.22.0.1 - - [28/Apr/2022 18:32:09] "GET /users HTTP/1.1" 200 -
2022-04-28 18:32:09,545 [INFO] app: Before Request
2022-04-28 18:32:09,547 [INFO] werkzeug: 172.22.0.1 - - [28/Apr/2022 18:32:09] "[36mGET /bootstrap/static/icons/bootstrap-icons.svg HTTP/1.1[0m" 304 -
2022-04-28 18:32:10,563 [INFO] app: Before Request
2022-04-28 18:32:10,579 [INFO] app: After Request
2022-04-28 18:32:10,581 [INFO] werkzeug: 172.22.0.1 - - [28/Apr/2022 18:32:10] "GET /songs/upload HTTP/1.1" 200 -
2022-04-28 18:32:11,883 [INFO] app: Before Request
2022-04-28 18:32:11,909 [INFO] app: After Request
2022-04-28 18:32:11,911 [INFO] werkzeug: 172.22.0.1 - - [28/Apr/2022 18:32:11] "GET /songs HTTP/1.1" 200 -
2022-04-28 18:32:12,585 [INFO] app: Before Request
2022-04-28 18:32:12,594 [INFO] app: After Request
2022-04-28 18:32:12,595 [INFO] werkzeug: 172.22.0.1 - - [28/Apr/2022 18:32:12] "GET /songs/upload HTTP/1.1" 200 -
2022-04-28 18:32:16,861 [INFO] app: Before Request
2022-04-28 18:32:16,873 [INFO] app: After Request
2022-04-28 18:32:16,874 [INFO] werkzeug: 172.22.0.1 - - [28/Apr/2022 18:32:16] "GET /welcome HTTP/1.1" 200 -
2022-04-28 18:32:18,995 [INFO] app: Before Request
2022-04-28 18:32:19,006 [INFO] app: After Request
2022-04-28 18:32:19,008 [INFO] werkzeug: 172.22.0.1 - - [28/Apr/2022 18:32:19] "GET /dashboard HTTP/1.1" 200 -
2022-04-28 18:45:36,641 [INFO] log: Logging request info
2022-04-28 18:45:36,642 [INFO] app: Before Request
2022-04-28 18:45:36,719 [INFO] app: After Request
2022-04-28 18:45:36,736 [INFO] log: Logging request info
2022-04-28 18:45:36,737 [INFO] app: Before Request
2022-04-28 18:45:36,737 [INFO] app: After Request
2022-04-28 18:45:36,739 [INFO] app: Before Request
2022-04-28 18:45:36,811 [INFO] app: After Request
2022-04-28 18:45:36,813 [INFO] app: Before Request
2022-04-28 18:45:36,821 [INFO] app: After Request
2022-04-28 18:45:36,845 [INFO] log: Logging request info
2022-04-28 18:45:36,846 [INFO] app: Before Request
2022-04-28 18:45:36,921 [INFO] app: After Request
2022-04-28 18:45:36,938 [INFO] log: Logging request info
2022-04-28 18:45:36,939 [INFO] app: Before Request
2022-04-28 18:45:37,014 [INFO] app: After Request
2022-04-28 18:45:37,032 [INFO] log: Logging request info
2022-04-28 18:45:37,033 [INFO] app: Before Request
2022-04-28 18:45:37,110 [INFO] app: After Request
2022-04-28 18:45:37,127 [INFO] log: Logging request info
2022-04-28 18:45:37,128 [INFO] app: Before Request
2022-04-28 18:45:37,201 [INFO] app: After Request
2022-04-28 18:45:37,218 [INFO] log: Logging request info
2022-04-28 18:45:37,219 [INFO] app: Before Request
2022-04-28 18:45:37,295 [INFO] app: After Request
2022-04-28 18:45:37,314 [INFO] log: Logging request info
2022-04-28 18:45:37,314 [INFO] app: Before Request
2022-04-28 18:45:37,388 [INFO] app: After Request
2022-04-28 18:45:37,404 [INFO] log: Logging request info
2022-04-28 18:45:37,405 [INFO] app: Before Request
2022-04-28 18:45:37,487 [INFO] app: After Request
2022-04-28 18:45:37,504 [INFO] log: Logging request info
2022-04-28 18:45:37,505 [INFO] app: Before Request
2022-04-28 18:45:37,580 [INFO] app: After Request
2022-04-28 18:46:35,686 [INFO] werkzeug:  * Detected change in '/home/myuser/tests/simple_pages_test.py', reloading
2022-04-28 18:51:49,629 [INFO] log: Logging request info
2022-04-28 18:51:49,630 [INFO] app: Before Request
2022-04-28 18:51:49,713 [INFO] app: After Request
2022-04-28 18:51:49,735 [INFO] log: Logging request info
2022-04-28 18:51:49,736 [INFO] app: Before Request
2022-04-28 18:51:49,736 [INFO] app: After Request
2022-04-28 18:51:49,738 [INFO] app: Before Request
2022-04-28 18:51:49,813 [INFO] app: After Request
2022-04-28 18:51:49,815 [INFO] app: Before Request
2022-04-28 18:51:49,822 [INFO] app: After Request
2022-04-28 18:51:49,847 [INFO] log: Logging request info
2022-04-28 18:51:49,848 [INFO] app: Before Request
2022-04-28 18:51:49,923 [INFO] app: After Request
2022-04-28 18:51:49,943 [INFO] log: Logging request info
2022-04-28 18:51:49,943 [INFO] app: Before Request
2022-04-28 18:51:50,017 [INFO] app: After Request
2022-04-28 18:51:50,036 [INFO] log: Logging request info
2022-04-28 18:51:50,037 [INFO] app: Before Request
2022-04-28 18:51:50,113 [INFO] app: After Request
2022-04-28 18:51:50,132 [INFO] log: Logging request info
2022-04-28 18:51:50,133 [INFO] app: Before Request
2022-04-28 18:51:50,207 [INFO] app: After Request
2022-04-28 18:51:50,225 [INFO] log: Logging request info
2022-04-28 18:51:50,226 [INFO] app: Before Request
2022-04-28 18:51:50,300 [INFO] app: After Request
2022-04-28 18:51:50,319 [INFO] log: Logging request info
2022-04-28 18:51:50,320 [INFO] app: Before Request
2022-04-28 18:51:50,394 [INFO] app: After Request
2022-04-28 18:51:50,413 [INFO] log: Logging request info
2022-04-28 18:51:50,414 [INFO] app: Before Request
2022-04-28 18:51:50,490 [INFO] app: After Request
2022-04-28 18:51:50,508 [INFO] log: Logging request info
2022-04-28 18:51:50,509 [INFO] app: Before Request
2022-04-28 18:51:50,583 [INFO] app: After Request
